<?xml version="1.0" encoding="UTF-8"?>
<testsuite xmlns:xsi="http://www.w3.org/2001/XMLSchema-instance" xsi:noNamespaceSchemaLocation="https://maven.apache.org/surefire/maven-surefire-plugin/xsd/surefire-test-report-3.0.xsd" version="3.0" name="com.securithings.assignment.queue.LogsQueueManagerTest" time="0.881" tests="4" errors="0" skipped="0" failures="0">
  <properties>
    <property name="java.specification.version" value="23"/>
    <property name="sun.cpu.isalist" value="amd64"/>
    <property name="sun.jnu.encoding" value="Cp1255"/>
    <property name="java.class.path" value="C:\Users\yaniv\Desktop\home-assignment\securithings_home_assignment\target\test-classes;C:\Users\yaniv\Desktop\home-assignment\securithings_home_assignment\target\classes;C:\Users\yaniv\.m2\repository\org\junit\jupiter\junit-jupiter-api\5.8.1\junit-jupiter-api-5.8.1.jar;C:\Users\yaniv\.m2\repository\org\opentest4j\opentest4j\1.2.0\opentest4j-1.2.0.jar;C:\Users\yaniv\.m2\repository\org\junit\platform\junit-platform-commons\1.8.1\junit-platform-commons-1.8.1.jar;C:\Users\yaniv\.m2\repository\org\apiguardian\apiguardian-api\1.1.2\apiguardian-api-1.1.2.jar;C:\Users\yaniv\.m2\repository\org\junit\jupiter\junit-jupiter-engine\5.8.1\junit-jupiter-engine-5.8.1.jar;C:\Users\yaniv\.m2\repository\org\junit\platform\junit-platform-engine\1.8.1\junit-platform-engine-1.8.1.jar;"/>
    <property name="java.vm.vendor" value="Oracle Corporation"/>
    <property name="sun.arch.data.model" value="64"/>
    <property name="user.variant" value=""/>
    <property name="java.vendor.url" value="https://java.oracle.com/"/>
    <property name="user.timezone" value="Asia/Jerusalem"/>
    <property name="os.name" value="Windows 11"/>
    <property name="java.vm.specification.version" value="23"/>
    <property name="sun.java.launcher" value="SUN_STANDARD"/>
    <property name="user.country" value="US"/>
    <property name="sun.boot.library.path" value="C:\Users\yaniv\Downloads\jdk-23_windows-x64_bin\jdk-23.0.2\bin"/>
    <property name="sun.java.command" value="C:\Users\yaniv\AppData\Local\Temp\surefire6883522777192068826\surefirebooter-20250303153830008_3.jar C:\Users\yaniv\AppData\Local\Temp\surefire6883522777192068826 2025-03-03T15-38-29_861-jvmRun1 surefire-20250303153830008_1tmp surefire_0-20250303153830008_2tmp"/>
    <property name="jdk.debug" value="release"/>
    <property name="surefire.test.class.path" value="C:\Users\yaniv\Desktop\home-assignment\securithings_home_assignment\target\test-classes;C:\Users\yaniv\Desktop\home-assignment\securithings_home_assignment\target\classes;C:\Users\yaniv\.m2\repository\org\junit\jupiter\junit-jupiter-api\5.8.1\junit-jupiter-api-5.8.1.jar;C:\Users\yaniv\.m2\repository\org\opentest4j\opentest4j\1.2.0\opentest4j-1.2.0.jar;C:\Users\yaniv\.m2\repository\org\junit\platform\junit-platform-commons\1.8.1\junit-platform-commons-1.8.1.jar;C:\Users\yaniv\.m2\repository\org\apiguardian\apiguardian-api\1.1.2\apiguardian-api-1.1.2.jar;C:\Users\yaniv\.m2\repository\org\junit\jupiter\junit-jupiter-engine\5.8.1\junit-jupiter-engine-5.8.1.jar;C:\Users\yaniv\.m2\repository\org\junit\platform\junit-platform-engine\1.8.1\junit-platform-engine-1.8.1.jar;"/>
    <property name="sun.cpu.endian" value="little"/>
    <property name="user.home" value="C:\Users\yaniv"/>
    <property name="user.language" value="en"/>
    <property name="java.specification.vendor" value="Oracle Corporation"/>
    <property name="java.version.date" value="2025-01-21"/>
    <property name="java.home" value="C:\Users\yaniv\Downloads\jdk-23_windows-x64_bin\jdk-23.0.2"/>
    <property name="file.separator" value="\"/>
    <property name="basedir" value="C:\Users\yaniv\Desktop\home-assignment\securithings_home_assignment"/>
    <property name="java.vm.compressedOopsMode" value="Zero based"/>
    <property name="line.separator" value="&#10;"/>
    <property name="java.vm.specification.vendor" value="Oracle Corporation"/>
    <property name="java.specification.name" value="Java Platform API Specification"/>
    <property name="surefire.real.class.path" value="C:\Users\yaniv\AppData\Local\Temp\surefire6883522777192068826\surefirebooter-20250303153830008_3.jar"/>
    <property name="user.script" value=""/>
    <property name="sun.management.compiler" value="HotSpot 64-Bit Tiered Compilers"/>
    <property name="java.runtime.version" value="23.0.2+7-58"/>
    <property name="user.name" value="yaniv"/>
    <property name="stdout.encoding" value="Cp1255"/>
    <property name="path.separator" value=";"/>
    <property name="os.version" value="10.0"/>
    <property name="java.runtime.name" value="Java(TM) SE Runtime Environment"/>
    <property name="file.encoding" value="UTF-8"/>
    <property name="java.vm.name" value="Java HotSpot(TM) 64-Bit Server VM"/>
    <property name="localRepository" value="C:\Users\yaniv\.m2\repository"/>
    <property name="java.vendor.url.bug" value="https://bugreport.java.com/bugreport/"/>
    <property name="java.io.tmpdir" value="C:\Users\yaniv\AppData\Local\Temp\"/>
    <property name="java.version" value="23.0.2"/>
    <property name="user.dir" value="C:\Users\yaniv\Desktop\home-assignment\securithings_home_assignment"/>
    <property name="os.arch" value="amd64"/>
    <property name="java.vm.specification.name" value="Java Virtual Machine Specification"/>
    <property name="sun.os.patch.level" value=""/>
    <property name="native.encoding" value="Cp1255"/>
    <property name="java.library.path" value="C:\Users\yaniv\Downloads\jdk-23_windows-x64_bin\jdk-23.0.2\bin;C:\WINDOWS\Sun\Java\bin;C:\WINDOWS\system32;C:\WINDOWS;C:\Users\yaniv\anaconda3;C:\Users\yaniv\anaconda3\Library\mingw-w64\bin;C:\Users\yaniv\anaconda3\Library\usr\bin;C:\Users\yaniv\anaconda3\Library\bin;C:\Users\yaniv\anaconda3\Scripts;C:\Users\yaniv\anaconda3\bin;C:\Users\yaniv\anaconda3\condabin;C:\WINDOWS\system32;C:\WINDOWS;C:\WINDOWS\System32\Wbem;C:\WINDOWS\System32\WindowsPowerShell\v1.0;C:\WINDOWS\System32\OpenSSH;C:\Program Files\Git\cmd;C:\Program Files\nodejs;C:\Users\yaniv\anaconda3;C:\Users\yaniv\anaconda3\Scripts;C:\Users\yaniv\anaconda3\Library\bin;C:\Program Files\Docker\Docker\resources\bin;C:\Users\yaniv\Downloads\jdk-23_windows-x64_bin\jdk-23.0.2\bin;C:\Program Files\apache-maven-3.9.9\bin;C:\Users\yaniv\AppData\Local\Programs\Python\Launcher;C:\Users\yaniv\AppData\Local\Microsoft\WindowsApps;C:\Users\yaniv\AppData\Local\Programs\Microsoft VS Code\bin;C:\Users\yaniv\AppData\Roaming\npm;C:\Users\yaniv\anaconda3;C:\Users\yaniv\anaconda3\Scripts;C:\Users\yaniv\anaconda3\Library\bin;C:\Program Files\apache-maven-3.9.9\bin;.;."/>
    <property name="java.vm.info" value="mixed mode, sharing"/>
    <property name="stderr.encoding" value="Cp1255"/>
    <property name="java.vendor" value="Oracle Corporation"/>
    <property name="java.vm.version" value="23.0.2+7-58"/>
    <property name="sun.io.unicode.encoding" value="UnicodeLittle"/>
    <property name="java.class.version" value="67.0"/>
  </properties>
  <testcase name="testSingletonInstance" classname="com.securithings.assignment.queue.LogsQueueManagerTest" time="0.004"/>
  <testcase name="testMultipleMessages" classname="com.securithings.assignment.queue.LogsQueueManagerTest" time="0.222"/>
  <testcase name="testConcurrentAccess" classname="com.securithings.assignment.queue.LogsQueueManagerTest" time="0.541"/>
  <testcase name="testMessageProcessing" classname="com.securithings.assignment.queue.LogsQueueManagerTest" time="0.102"/>
</testsuite>